<?xml version="1.0" encoding="UTF-8"?>
<testsuite name="RationalTest" tests="1" skipped="0" failures="0" errors="0" timestamp="2023-09-12T02:56:23" hostname="LAPTOP-CT7T0R78" time="0.005">
  <properties/>
  <testcase name="testAdd" classname="RationalTest" time="0.005"/>
  <system-out><![CDATA[]]></system-out>
  <system-err><![CDATA[]]></system-err>
</testsuite>
