<?xml version="1.0" encoding="UTF-8"?>
<testsuite xmlns:xsi="http://www.w3.org/2001/XMLSchema-instance" xsi:noNamespaceSchemaLocation="https://maven.apache.org/surefire/maven-surefire-plugin/xsd/surefire-test-report-3.0.xsd" version="3.0" name="RationalTest" time="0.047" tests="1" errors="0" skipped="0" failures="0">
  <properties>
    <property name="java.specification.version" value="15"/>
    <property name="sun.cpu.isalist" value="amd64"/>
    <property name="sun.jnu.encoding" value="Cp1252"/>
    <property name="java.class.path" value="D:\Install IntelliJ IDEA\IntelliJ IDEA Community Edition 2023.2.1\Rational-master\target\test-classes;D:\Install IntelliJ IDEA\IntelliJ IDEA Community Edition 2023.2.1\Rational-master\target\classes;C:\Users\Vainawin\.m2\repository\junit\junit\4.13\junit-4.13.jar;C:\Users\Vainawin\.m2\repository\org\hamcrest\hamcrest-core\1.3\hamcrest-core-1.3.jar;"/>
    <property name="java.vm.vendor" value="Oracle Corporation"/>
    <property name="sun.arch.data.model" value="64"/>
    <property name="user.variant" value=""/>
    <property name="java.vendor.url" value="https://java.oracle.com/"/>
    <property name="user.timezone" value="Asia/Bangkok"/>
    <property name="os.name" value="Windows 10"/>
    <property name="java.vm.specification.version" value="15"/>
    <property name="sun.java.launcher" value="SUN_STANDARD"/>
    <property name="user.country" value="US"/>
    <property name="sun.boot.library.path" value="C:\Program Files\Java\jdk-15.0.1\bin"/>
    <property name="sun.java.command" value="C:\Users\Vainawin\AppData\Local\Temp\surefire15258034092490978733\surefirebooter-20230912005720757_3.jar C:\Users\Vainawin\AppData\Local\Temp\surefire15258034092490978733 2023-09-12T00-57-19_935-jvmRun1 surefire-20230912005720757_1tmp surefire_0-20230912005720757_2tmp"/>
    <property name="jdk.debug" value="release"/>
    <property name="surefire.test.class.path" value="D:\Install IntelliJ IDEA\IntelliJ IDEA Community Edition 2023.2.1\Rational-master\target\test-classes;D:\Install IntelliJ IDEA\IntelliJ IDEA Community Edition 2023.2.1\Rational-master\target\classes;C:\Users\Vainawin\.m2\repository\junit\junit\4.13\junit-4.13.jar;C:\Users\Vainawin\.m2\repository\org\hamcrest\hamcrest-core\1.3\hamcrest-core-1.3.jar;"/>
    <property name="sun.cpu.endian" value="little"/>
    <property name="user.home" value="C:\Users\Vainawin"/>
    <property name="user.language" value="en"/>
    <property name="java.specification.vendor" value="Oracle Corporation"/>
    <property name="java.version.date" value="2020-10-20"/>
    <property name="java.home" value="C:\Program Files\Java\jdk-15.0.1"/>
    <property name="file.separator" value="\"/>
    <property name="basedir" value="D:\Install IntelliJ IDEA\IntelliJ IDEA Community Edition 2023.2.1\Rational-master"/>
    <property name="java.vm.compressedOopsMode" value="Zero based"/>
    <property name="line.separator" value="&#10;"/>
    <property name="java.vm.specification.vendor" value="Oracle Corporation"/>
    <property name="java.specification.name" value="Java Platform API Specification"/>
    <property name="surefire.real.class.path" value="C:\Users\Vainawin\AppData\Local\Temp\surefire15258034092490978733\surefirebooter-20230912005720757_3.jar"/>
    <property name="user.script" value=""/>
    <property name="sun.management.compiler" value="HotSpot 64-Bit Tiered Compilers"/>
    <property name="java.runtime.version" value="15.0.1+9-18"/>
    <property name="user.name" value="Vainawin"/>
    <property name="path.separator" value=";"/>
    <property name="os.version" value="10.0"/>
    <property name="java.runtime.name" value="Java(TM) SE Runtime Environment"/>
    <property name="file.encoding" value="Cp1252"/>
    <property name="java.vm.name" value="Java HotSpot(TM) 64-Bit Server VM"/>
    <property name="localRepository" value="C:\Users\Vainawin\.m2\repository"/>
    <property name="java.vendor.url.bug" value="https://bugreport.java.com/bugreport/"/>
    <property name="java.io.tmpdir" value="C:\Users\Vainawin\AppData\Local\Temp\"/>
    <property name="idea.version" value="2023.2.1"/>
    <property name="java.version" value="15.0.1"/>
    <property name="user.dir" value="D:\Install IntelliJ IDEA\IntelliJ IDEA Community Edition 2023.2.1\Rational-master"/>
    <property name="os.arch" value="amd64"/>
    <property name="java.vm.specification.name" value="Java Virtual Machine Specification"/>
    <property name="sun.os.patch.level" value=""/>
    <property name="java.library.path" value="C:\Program Files\Java\jdk-15.0.1\bin;C:\Windows\Sun\Java\bin;C:\Windows\system32;C:\Windows;C:\Program Files (x86)\VMware\VMware Workstation\bin\;D:\!Download D instead C\Wing python\Scripts\;D:\!Download D instead C\Wing python\;&quot;C:\Program Files\CodeBlocks\MinGW\bin\;&quot;;C:\Install JAVA\OpenJDK\jdk8u252-b09\bin\;C:\Program Files\Common Files\Oracle\Java\javapath;C:\Program Files (x86)\Common Files\Intel\Shared Libraries\redist\intel64\compiler;C:\Windows\system32;C:\Windows;C:\Windows\System32\Wbem;C:\Windows\System32\WindowsPowerShell\v1.0\;C:\Windows\System32\OpenSSH\;C:\Program Files (x86)\NVIDIA Corporation\PhysX\Common;C:\Program Files\NVIDIA Corporation\NVIDIA NvDLISR;C:\MinGW\bin;C:\Users\Vainawin\anaconda3\Scripts;C:\Users\Vainawin\anaconda3;C:\Users\Vainawin\anaconda3\Library\bin;C:\MinGW\bin;C:\Program Files\MySQL\MySQL Server 8.0\bin;C:\Program Files\nodejs\;C:\Program Files (x86)\Pulse Secure\VC142.CRT\X64\;C:\Program Files (x86)\Pulse Secure\VC142.CRT\X86\;D:\Install Git SCM\Git\cmd;C:\ProgramData\Microsoft\Windows\Start Menu\Programs\Python 3.9;C:\ProgramData\Microsoft\Windows\Start Menu\Programs\Python 3.9;C\Wing python\lib\site-packages\flask\cli.py;C:\Users\Vainawin\anaconda3\pkgs\sip-6.7.2-py38hd3f51b4_0\Lib\site-packages\sipbuild\module\__pycache__;C:\ProgramData\chocolatey\bin;C:\flutter\bin;C:\Program Files\dotnet\;C:\Program Files\MySQL\MySQL Shell 8.0\bin\;C:\Users\Vainawin\AppData\Local\Microsoft\WindowsApps;C:\Users\Vainawin\AppData\Local\Programs\Microsoft VS Code\bin;C:\Users\Vainawin\anaconda3;C:\Users\Vainawin\AppData\Roaming\npm;C:\Program Files\nodejs;C:\tools\dart-sdk\bin;C:\Users\Vainawin\AppData\Roaming\Pub\Cache\bin;C:\src\flutter\bin;;D:\Install IntelliJ IDEA\IntelliJ IDEA Community Edition 2023.2.1\bin;;C:\Users\Vainawin\.dotnet\tools;."/>
    <property name="java.vm.info" value="mixed mode, sharing"/>
    <property name="java.vendor" value="Oracle Corporation"/>
    <property name="java.vm.version" value="15.0.1+9-18"/>
    <property name="sun.io.unicode.encoding" value="UnicodeLittle"/>
    <property name="java.class.version" value="59.0"/>
  </properties>
  <testcase name="testAdd" classname="RationalTest" time="0.003"/>
</testsuite>